#
# There is insufficient memory for the Java Runtime Environment to continue.
# Native memory allocation (mmap) failed to map 65536 bytes for Failed to commit metaspace.
# Possible reasons:
#   The system is out of physical RAM or swap space
#   The process is running with CompressedOops enabled, and the Java Heap may be blocking the growth of the native heap
# Possible solutions:
#   Reduce memory load on the system
#   Increase physical memory or swap space
#   Check if swap backing store is full
#   Decrease Java heap size (-Xmx/-Xms)
#   Decrease number of Java threads
#   Decrease Java thread stack sizes (-Xss)
#   Set larger code cache with -XX:ReservedCodeCacheSize=
#   JVM is running with Unscaled Compressed Oops mode in which the Java heap is
#     placed in the first 4GB address space. The Java Heap base address is the
#     maximum limit for the native heap growth. Please use -XX:HeapBaseMinAddress
#     to set the Java Heap base and to place the Java Heap above 4GB virtual address.
# This output file may be truncated or incomplete.
#
#  Out of Memory Error (virtualSpaceNode.cpp:110), pid=7612, tid=6772
#
# JRE version: OpenJDK Runtime Environment JBR-17.0.6+10-829.9-jcef (17.0.6+10) (build 17.0.6+10-b829.9)
# Java VM: OpenJDK 64-Bit Server VM JBR-17.0.6+10-829.9-jcef (17.0.6+10-b829.9, mixed mode, tiered, compressed oops, compressed class ptrs, g1 gc, windows-amd64)
# No core dump will be written. Minidumps are not enabled by default on client versions of Windows
#

---------------  S U M M A R Y ------------

Command Line: git4idea.http.GitAskPassApp Username for 'https://github.com': 

Host: Intel(R) Core(TM) i5-4300U CPU @ 1.90GHz, 4 cores, 5G,  Windows 10 , 64 bit Build 19041 (10.0.19041.3031)
Time: Fri Jun 16 19:50:50 2023 Paris, Madrid (heure duild 19041 (10.0.19041.3031) elapsed time: 0.601359 seconds (0d 0h 0m 0s)

---------------  T H R E A D  ---------------

Current thread (0x00000153e265c0e0):  JavaThread "main" [_thread_in_vm, id=6772, stack(0x0000000205900000,0x0000000205a00000)]

Stack: [0x0000000205900000,0x0000000205a00000]
Native frames: (J=compiled Java code, j=interpreted, Vv=VM code, C=native code)
V  [jvm.dll+0x683c5a]
V  [jvm.dll+0x842764]
V  [jvm.dll+0x843f5e]
V  [jvm.dll+0x8445c3]
V  [jvm.dll+0x249b75]
V  [jvm.dll+0x83e7bb]
V  [jvm.dll+0x628006]
V  [jvm.dll+0x62806a]
V  [jvm.dll+0x62a87a]
V  [jvm.dll+0x6289a6]
V  [jvm.dll+0x246f6c]
V  [jvm.dll+0x6dab9d]
V  [jvm.dll+0x6db5cf]
V  [jvm.dll+0x375330]
V  [jvm.dll+0x642d12]
V  [jvm.dll+0x63ef1e]
C  0x00000153ed30d601

Java frames: (J=compiled Java code, j=interpreted, Vv=VM code)
j  java.lang.invoke.MethodHandleNatives.resolve(Ljava/lang/invoke/MemberName;Ljava/lang/Class;IZ)Ljava/lang/invoke/MemberName;+0 java.base@17.0.6
j  java.lang.invoke.MemberName$Factory.resolve(BLjava/lang/invoke/MemberName;Ljava/lang/Class;IZ)Ljava/lang/invoke/MemberName;+36 java.base@17.0.6
j  java.lang.invoke.MemberName$Factory.resolveOrFail(BLjava/lang/invoke/MemberName;Ljava/lang/Class;ILjava/lang/Class;)Ljava/lang/invoke/MemberName;+31 java.base@17.0.6
j  java.lang.invoke.MethodHandles$Lookup.resolveOrFail(BLjava/lang/Class;Ljava/lang/String;Ljava/lang/invoke/MethodType;)Ljava/lang/invoke/MemberName;+44 java.base@17.0.6
j  java.lang.invoke.MethodHandles$Lookup.findStatic(Ljava/lang/Class;Ljava/lang/String;Ljava/lang/invoke/MethodType;)Ljava/lang/invoke/MethodHandle;+6 java.base@17.0.6
j  java.lang.invoke.ClassSpecializer$Factory.findFactory(Ljava/lang/Class;Ljava/util/List;)Ljava/lang/invoke/MethodHandle;+30 java.base@17.0.6
j  java.lang.invoke.ClassSpecializer$Factory.findFactories(Ljava/lang/Class;Ljava/util/List;)Ljava/util/List;+10 java.base@17.0.6
j  java.lang.invoke.ClassSpecializer$Factory.linkSpeciesDataToCode(Ljava/lang/invoke/ClassSpecializer$SpeciesData;Ljava/lang/Class;)V+24 java.base@17.0.6
j  java.lang.invoke.ClassSpecializer$Factory.loadSpecies(Ljava/lang/invoke/ClassSpecializer$SpeciesData;)Ljava/lang/invoke/ClassSpecializer$SpeciesData;+85 java.base@17.0.6
j  java.lang.invoke.ClassSpecializer.findSpecies(Ljava/lang/Object;)Ljava/lang/invoke/ClassSpecializer$SpeciesData;+53 java.base@17.0.6
j  java.lang.invoke.ClassSpecializer.<init>(Ljava/lang/Class;Ljava/lang/Class;Ljava/lang/Class;Ljava/lang/invoke/MethodType;Ljava/lang/invoke/MemberName;Ljava/lang/String;Ljava/util/List;)V+93 java.base@17.0.6
j  java.lang.invoke.BoundMethodHandle$Specializer.<init>()V+32 java.base@17.0.6
j  java.lang.invoke.BoundMethodHandle.<clinit>()V+20 java.base@17.0.6
v  ~StubRoutines::call_stub
j  jdk.internal.misc.Unsafe.ensureClassInitialized0(Ljava/lang/Class;)V+0 java.base@17.0.6
j  jdk.internal.misc.Unsafe.ensureClassInitialized(Ljava/lang/Class;)V+14 java.base@17.0.6
j  java.lang.invoke.LambdaForm.createFormsFor(Ljava/lang/invoke/LambdaForm$BasicType;)V+6 java.base@17.0.6
j  java.lang.invoke.LambdaForm.identityForm(Ljava/lang/invoke/LambdaForm$BasicType;)Ljava/lang/invoke/LambdaForm;+18 java.base@17.0.6
j  java.lang.invoke.MethodHandles.makeIdentity(Ljava/lang/Class;)Ljava/lang/invoke/MethodHandle;+10 java.base@17.0.6
j  java.lang.invoke.MethodHandles.identity(Ljava/lang/Class;)Ljava/lang/invoke/MethodHandle;+41 java.base@17.0.6
j  java.lang.invoke.MethodHandles.constant(Ljava/lang/Class;Ljava/lang/Object;)Ljava/lang/invoke/MethodHandle;+80 java.base@17.0.6
j  java.lang.invoke.InnerClassLambdaMetafactory.buildCallSite()Ljava/lang/invoke/CallSite;+140 java.base@17.0.6
j  java.lang.invoke.LambdaMetafactory.metafactory(Ljava/lang/invoke/MethodHandles$Lookup;Ljava/lang/String;Ljava/lang/invoke/MethodType;Ljava/lang/invoke/MethodType;Ljava/lang/invoke/MethodHandle;Ljava/lang/invoke/MethodType;)Ljava/lang/invoke/CallSite;+67 java.base@17.0.6
j  java.lang.invoke.DirectMethodHandle$Holder.invokeStatic(Ljava/lang/Object;Ljava/lang/Object;Ljava/lang/Object;Ljava/lang/Object;Ljava/lang/Object;Ljava/lang/Object;Ljava/lang/Object;)Ljava/lang/Object;+20 java.base@17.0.6
j  java.lang.invoke.Invokers$Holder.invokeExact_MT(Ljava/lang/Object;Ljava/lang/Object;Ljava/lang/Object;Ljava/lang/Object;Ljava/lang/Object;Ljava/lang/Object;Ljava/lang/Object;Ljava/lang/Object;)Ljava/lang/Object;+28 java.base@17.0.6
j  java.lang.invoke.BootstrapMethodInvoker.invoke(Ljava/lang/Class;Ljava/lang/invoke/MethodHandle;Ljava/lang/String;Ljava/lang/Object;Ljava/lang/Object;Ljava/lang/Class;)Ljava/lang/Object;+319 java.base@17.0.6
j  java.lang.invoke.CallSite.makeSite(Ljava/lang/invoke/MethodHandle;Ljava/lang/String;Ljava/lang/invoke/MethodType;Ljava/lang/Object;Ljava/lang/Class;)Ljava/lang/invoke/CallSite;+8 java.base@17.0.6
j  java.lang.invoke.MethodHandleNatives.linkCallSiteImpl(Ljava/lang/Class;Ljava/lang/invoke/MethodHandle;Ljava/lang/String;Ljava/lang/invoke/MethodType;Ljava/lang/Object;[Ljava/lang/Object;)Ljava/lang/invoke/MemberName;+6 java.base@17.0.6
j  java.lang.invoke.MethodHandleNatives.linkCallSite(Ljava/lang/Object;ILjava/lang/Object;Ljava/lang/Object;Ljava/lang/Object;Ljava/lang/Object;[Ljava/lang/Object;)Ljava/lang/invoke/MemberName;+46 java.base@17.0.6
v  ~StubRoutines::call_stub
j  java.util.regex.Pattern.DOT()Ljava/util/regex/Pattern$CharPredicate;+0 java.base@17.0.6
j  java.util.regex.Pattern.sequence(Ljava/util/regex/Pattern$Node;)Ljava/util/regex/Pattern$Node;+516 java.base@17.0.6
j  java.util.regex.Pattern.expr(Ljava/util/regex/Pattern$Node;)Ljava/util/regex/Pattern$Node;+12 java.base@17.0.6
j  java.util.regex.Pattern.compile()V+222 java.base@17.0.6
j  java.util.regex.Pattern.<init>(Ljava/lang/String;I)V+108 java.base@17.0.6
j  java.util.regex.Pattern.compile(Ljava/lang/String;I)Ljava/util/regex/Pattern;+6 java.base@17.0.6
j  sun.security.util.DisabledAlgorithmConstraints.<clinit>()V+13 java.base@17.0.6
v  ~StubRoutines::call_stub
j  sun.security.ssl.SSLAlgorithmConstraints.<clinit>()V+0 java.base@17.0.6
v  ~StubRoutines::call_stub
j  sun.security.ssl.ProtocolVersion.<init>(Ljava/lang/String;IILjava/lang/String;Z)V+47 java.base@17.0.6
j  sun.security.ssl.ProtocolVersion.<clinit>()V+13 java.base@17.0.6
v  ~StubRoutines::call_stub
j  sun.security.ssl.SSLContextImpl$AbstractTLSContext.<clinit>()V+7 java.base@17.0.6
v  ~StubRoutines::call_stub
j  java.lang.Class.forName0(Ljava/lang/String;ZLjava/lang/ClassLoader;Ljava/lang/Class;)Ljava/lang/Class;+0 java.base@17.0.6
j  java.lang.Class.forName(Ljava/lang/String;)Ljava/lang/Class;+11 java.base@17.0.6
j  java.security.Provider$Service.getImplClass()Ljava/lang/Class;+64 java.base@17.0.6
j  java.security.Provider$Service.getDefaultConstructor()Ljava/lang/reflect/Constructor;+46 java.base@17.0.6
j  java.security.Provider$Service.newInstanceOf()Ljava/lang/Object;+1 java.base@17.0.6
j  java.security.Provider$Service.newInstanceUtil(Ljava/lang/Class;Ljava/lang/Object;)Ljava/lang/Object;+5 java.base@17.0.6
j  java.security.Provider$Service.newInstance(Ljava/lang/Object;)Ljava/lang/Object;+227 java.base@17.0.6
j  sun.security.jca.GetInstance.getInstance(Ljava/security/Provider$Service;Ljava/lang/Class;)Lsun/security/jca/GetInstance$Instance;+2 java.base@17.0.6
j  sun.security.jca.GetInstance.getInstance(Ljava/lang/String;Ljava/lang/Class;Ljava/lang/String;)Lsun/security/jca/GetInstance$Instance;+56 java.base@17.0.6
j  javax.net.ssl.SSLContext.getInstance(Ljava/lang/String;)Ljavax/net/ssl/SSLContext;+12 java.base@17.0.6
j  externalApp.ExternalAppUtil.sendIdeRequest(Ljava/lang/String;ILjava/lang/String;Ljava/lang/String;)LexternalApp/ExternalAppUtil$Result;+34
j  git4idea.http.GitAskPassApp.main([Ljava/lang/String;)V+37
v  ~StubRoutines::call_stub

---------------  P R O C E S S  ---------------

Threads class SMR info:
_java_thread_list=0x00000153fb67d990, length=12, elements={
0x00000153e265c0e0, 0x00000153faad7710, 0x00000153faad8800, 0x00000153fab31130,
0x00000153fab34d60, 0x00000153fab35710, 0x00000153fab360c0, 0x00000153fab36e50,
0x00000153fb551520, 0x00000153fb59f7e0, 0x00000153fb69cd90, 0x00000153fb69f270
}

Java Threads: ( => current thread )
=>0x00000153e265c0e0 JavaThread "main" [_thread_in_vm, id=6772, stack(0x0000000205900000,0x0000000205a00000)]
  0x00000153faad7710 JavaThread "Reference Handler" daemon [_thread_blocked, id=6660, stack(0x0000000206000000,0x0000000206100000)]
  0x00000153faad8800 JavaThread "Finalizer" daemon [_thread_blocked, id=14200, stack(0x0000000206100000,0x0000000206200000)]
  0x00000153fab31130 JavaThread "Signal Dispatcher" daemon [_thread_blocked, id=844, stack(0x0000000206200000,0x0000000206300000)]
  0x00000153fab34d60 JavaThread "Attach Listener" daemon [_thread_blocked, id=13180, stack(0x0000000206300000,0x0000000206400000)]
  0x00000153fab35710 JavaThread "Service Thread" daemon [_thread_blocked, id=12536, stack(0x0000000206400000,0x0000000206500000)]
  0x00000153fab360c0 JavaThread "Monitor Deflation Thread" daemon [_thread_blocked, id=13112, stack(0x0000000206500000,0x0000000206600000)]
  0x00000153fab36e50 JavaThread "C2 CompilerThread0" daemon [_thread_blocked, id=12380, stack(0x0000000206600000,0x0000000206700000)]
  0x00000153fb551520 JavaThread "C1 CompilerThread0" daemon [_thread_blocked, id=7488, stack(0x0000000206700000,0x0000000206800000)]
  0x00000153fb59f7e0 JavaThread "Sweeper thread" daemon [_thread_blocked, id=3540, stack(0x0000000206800000,0x0000000206900000)]
  0x00000153fb69cd90 JavaThread "Notification Thread" daemon [_thread_blocked, id=5344, stack(0x0000000206900000,0x0000000206a00000)]
  0x00000153fb69f270 JavaThread "Common-Cleaner" daemon [_thread_blocked, id=12668, stack(0x0000000206b00000,0x0000000206c00000)]

Other Threads:
  0x00000153faad5380 VMThread "VM Thread" [stack: 0x0000000205f00000,0x0000000206000000] [id=2652]
  0x00000153faae1580 WatcherThread [stack: 0x0000000206a00000,0x0000000206b00000] [id=3300]
  0x00000153e26a79c0 GCTaskThread "GC Thread#0" [stack: 0x0000000205a00000,0x0000000205b00000] [id=10196]
  0x00000153e26b4610 ConcurrentGCThread "G1 Main Marker" [stack: 0x0000000205b00000,0x0000000205c00000] [id=6668]
  0x00000153e26b57c0 ConcurrentGCThread "G1 Conc#0" [stack: 0x0000000205c00000,0x0000000205d00000] [id=8188]
  0x00000153e2716c90 ConcurrentGCThread "G1 Refine#0" [stack: 0x0000000205d00000,0x0000000205e00000] [id=3520]
  0x00000153e27176b0 ConcurrentGCThread "G1 Service" [stack: 0x0000000205e00000,0x0000000205f00000] [id=1280]

Threads with active compile tasks:

VM state: not at safepoint (normal execution)

VM Mutex/Monitor currently owned by a thread:  ([mutex/lock_event])
[0x00000153e2646e90] Metaspace_lock - owner thread: 0x00000153e265c0e0

Heap address: 0x00000000a1800000, size: 1512 MB, Compressed Oops mode: 32-bit

CDS archive(s) not mapped
Compressed class space mapped at: 0x0000000100000000-0x0000000140000000, reserved size: 1073741824
Narrow klass base: 0x0000000000000000, Narrow klass shift: 3, Narrow klass range: 0x140000000

GC Precious Log:
 CPUs: 4 total, 4 available
 Memory: 6041M
 Large Page Support: Disabled
 NUMA Support: Disabled
 Compressed Oops: Enabled (32-bit)
 Heap Region Size: 1M
 Heap Min Capacity: 8M
 Heap Initial Capacity: 96M
 Heap Max Capacity: 1512M
 Pre-touch: Disabled
 Parallel Workers: 4
 Concurrent Workers: 1
 Concurrent Refinement Workers: 4
 Periodic GC: Disabled

Heap:
 garbage-first heap   total 98304K, used 2048K [0x00000000a1800000, 0x0000000100000000)
  region size 1024K, 3 young (3072K), 0 survivors (0K)
 Metaspace       used 7084K, committed 7168K, reserved 1056768K
  class space    used 624K, committed 704K, reserved 1048576K

Heap Regions: E=young(eden), S=young(survivor), O=old, HS=humongous(starts), HC=humongous(continues), CS=collection set, F=free, OA=open archive, CA=closed archive, TAMS=top-at-mark-start (previous, next)
|   0|0x00000000a1800000, 0x00000000a1800000, 0x00000000a1900000|  0%| F|  |TAMS 0x00000000a1800000, 0x00000000a1800000| Untracked 
|   1|0x00000000a1900000, 0x00000000a1900000, 0x00000000a1a00000|  0%| F|  |TAMS 0x00000000a1900000, 0x00000000a1900000| Untracked 
|   2|0x00000000a1a00000, 0x00000000a1a00000, 0x00000000a1b00000|  0%| F|  |TAMS 0x00000000a1a00000, 0x00000000a1a00000| Untracked 
|   3|0x00000000a1b00000, 0x00000000a1b00000, 0x00000000a1c00000|  0%| F|  |TAMS 0x00000000a1b00000, 0x00000000a1b00000| Untracked 
|   4|0x00000000a1c00000, 0x00000000a1c00000, 0x00000000a1d00000|  0%| F|  |TAMS 0x00000000a1c00000, 0x00000000a1c00000| Untracked 
|   5|0x00000000a1d00000, 0x00000000a1d00000, 0x00000000a1e00000|  0%| F|  |TAMS 0x00000000a1d00000, 0x00000000a1d00000| Untracked 
|   6|0x00000000a1e00000, 0x00000000a1e00000, 0x00000000a1f00000|  0%| F|  |TAMS 0x00000000a1e00000, 0x00000000a1e00000| Untracked 
|   7|0x00000000a1f00000, 0x00000000a1f00000, 0x00000000a2000000|  0%| F|  |TAMS 0x00000000a1f00000, 0x00000000a1f00000| Untracked 
|   8|0x00000000a2000000, 0x00000000a2000000, 0x00000000a2100000|  0%| F|  |TAMS 0x00000000a2000000, 0x00000000a2000000| Untracked 
|   9|0x00000000a2100000, 0x00000000a2100000, 0x00000000a2200000|  0%| F|  |TAMS 0x00000000a2100000, 0x00000000a2100000| Untracked 
|  10|0x00000000a2200000, 0x00000000a2200000, 0x00000000a2300000|  0%| F|  |TAMS 0x00000000a2200000, 0x00000000a2200000| Untracked 
|  11|0x00000000a2300000, 0x00000000a2300000, 0x00000000a2400000|  0%| F|  |TAMS 0x00000000a2300000, 0x00000000a2300000| Untracked 
|  12|0x00000000a2400000, 0x00000000a2400000, 0x00000000a2500000|  0%| F|  |TAMS 0x00000000a2400000, 0x00000000a2400000| Untracked 
|  13|0x00000000a2500000, 0x00000000a2500000, 0x00000000a2600000|  0%| F|  |TAMS 0x00000000a2500000, 0x00000000a2500000| Untracked 
|  14|0x00000000a2600000, 0x00000000a2600000, 0x00000000a2700000|  0%| F|  |TAMS 0x00000000a2600000, 0x00000000a2600000| Untracked 
|  15|0x00000000a2700000, 0x00000000a2700000, 0x00000000a2800000|  0%| F|  |TAMS 0x00000000a2700000, 0x00000000a2700000| Untracked 
|  16|0x00000000a2800000, 0x00000000a2800000, 0x00000000a2900000|  0%| F|  |TAMS 0x00000000a2800000, 0x00000000a2800000| Untracked 
|  17|0x00000000a2900000, 0x00000000a2900000, 0x00000000a2a00000|  0%| F|  |TAMS 0x00000000a2900000, 0x00000000a2900000| Untracked 
|  18|0x00000000a2a00000, 0x00000000a2a00000, 0x00000000a2b00000|  0%| F|  |TAMS 0x00000000a2a00000, 0x00000000a2a00000| Untracked 
|  19|0x00000000a2b00000, 0x00000000a2b00000, 0x00000000a2c00000|  0%| F|  |TAMS 0x00000000a2b00000, 0x00000000a2b00000| Untracked 
|  20|0x00000000a2c00000, 0x00000000a2c00000, 0x00000000a2d00000|  0%| F|  |TAMS 0x00000000a2c00000, 0x00000000a2c00000| Untracked 
|  21|0x00000000a2d00000, 0x00000000a2d00000, 0x00000000a2e00000|  0%| F|  |TAMS 0x00000000a2d00000, 0x00000000a2d00000| Untracked 
|  22|0x00000000a2e00000, 0x00000000a2e00000, 0x00000000a2f00000|  0%| F|  |TAMS 0x00000000a2e00000, 0x00000000a2e00000| Untracked 
|  23|0x00000000a2f00000, 0x00000000a2f00000, 0x00000000a3000000|  0%| F|  |TAMS 0x00000000a2f00000, 0x00000000a2f00000| Untracked 
|  24|0x00000000a3000000, 0x00000000a3000000, 0x00000000a3100000|  0%| F|  |TAMS 0x00000000a3000000, 0x00000000a3000000| Untracked 
|  25|0x00000000a3100000, 0x00000000a3100000, 0x00000000a3200000|  0%| F|  |TAMS 0x00000000a3100000, 0x00000000a3100000| Untracked 
|  26|0x00000000a3200000, 0x00000000a3200000, 0x00000000a3300000|  0%| F|  |TAMS 0x00000000a3200000, 0x00000000a3200000| Untracked 
|  27|0x00000000a3300000, 0x00000000a3300000, 0x00000000a3400000|  0%| F|  |TAMS 0x00000000a3300000, 0x00000000a3300000| Untracked 
|  28|0x00000000a3400000, 0x00000000a3400000, 0x00000000a3500000|  0%| F|  |TAMS 0x00000000a3400000, 0x00000000a3400000| Untracked 
|  29|0x00000000a3500000, 0x00000000a3500000, 0x00000000a3600000|  0%| F|  |TAMS 0x00000000a3500000, 0x00000000a3500000| Untracked 
|  30|0x00000000a3600000, 0x00000000a3600000, 0x00000000a3700000|  0%| F|  |TAMS 0x00000000a3600000, 0x00000000a3600000| Untracked 
|  31|0x00000000a3700000, 0x00000000a3700000, 0x00000000a3800000|  0%| F|  |TAMS 0x00000000a3700000, 0x00000000a3700000| Untracked 
|  32|0x00000000a3800000, 0x00000000a3800000, 0x00000000a3900000|  0%| F|  |TAMS 0x00000000a3800000, 0x00000000a3800000| Untracked 
|  33|0x00000000a3900000, 0x00000000a3900000, 0x00000000a3a00000|  0%| F|  |TAMS 0x00000000a3900000, 0x00000000a3900000| Untracked 
|  34|0x00000000a3a00000, 0x00000000a3a00000, 0x00000000a3b00000|  0%| F|  |TAMS 0x00000000a3a00000, 0x00000000a3a00000| Untracked 
|  35|0x00000000a3b00000, 0x00000000a3b00000, 0x00000000a3c00000|  0%| F|  |TAMS 0x00000000a3b00000, 0x00000000a3b00000| Untracked 
|  36|0x00000000a3c00000, 0x00000000a3c00000, 0x00000000a3d00000|  0%| F|  |TAMS 0x00000000a3c00000, 0x00000000a3c00000| Untracked 
|  37|0x00000000a3d00000, 0x00000000a3d00000, 0x00000000a3e00000|  0%| F|  |TAMS 0x00000000a3d00000, 0x00000000a3d00000| Untracked 
|  38|0x00000000a3e00000, 0x00000000a3e00000, 0x00000000a3f00000|  0%| F|  |TAMS 0x00000000a3e00000, 0x00000000a3e00000| Untracked 
|  39|0x00000000a3f00000, 0x00000000a3f00000, 0x00000000a4000000|  0%| F|  |TAMS 0x00000000a3f00000, 0x00000000a3f00000| Untracked 
|  40|0x00000000a4000000, 0x00000000a4000000, 0x00000000a4100000|  0%| F|  |TAMS 0x00000000a4000000, 0x00000000a4000000| Untracked 
|  41|0x00000000a4100000, 0x00000000a4100000, 0x00000000a4200000|  0%| F|  |TAMS 0x00000000a4100000, 0x00000000a4100000| Untracked 
|  42|0x00000000a4200000, 0x00000000a4200000, 0x00000000a4300000|  0%| F|  |TAMS 0x00000000a4200000, 0x00000000a4200000| Untracked 
|  43|0x00000000a4300000, 0x00000000a4300000, 0x00000000a4400000|  0%| F|  |TAMS 0x00000000a4300000, 0x00000000a4300000| Untracked 
|  44|0x00000000a4400000, 0x00000000a4400000, 0x00000000a4500000|  0%| F|  |TAMS 0x00000000a4400000, 0x00000000a4400000| Untracked 
|  45|0x00000000a4500000, 0x00000000a4500000, 0x00000000a4600000|  0%| F|  |TAMS 0x00000000a4500000, 0x00000000a4500000| Untracked 
|  46|0x00000000a4600000, 0x00000000a4600000, 0x00000000a4700000|  0%| F|  |TAMS 0x00000000a4600000, 0x00000000a4600000| Untracked 
|  47|0x00000000a4700000, 0x00000000a4700000, 0x00000000a4800000|  0%| F|  |TAMS 0x00000000a4700000, 0x00000000a4700000| Untracked 
|  48|0x00000000a4800000, 0x00000000a4800000, 0x00000000a4900000|  0%| F|  |TAMS 0x00000000a4800000, 0x00000000a4800000| Untracked 
|  49|0x00000000a4900000, 0x00000000a4900000, 0x00000000a4a00000|  0%| F|  |TAMS 0x00000000a4900000, 0x00000000a4900000| Untracked 
|  50|0x00000000a4a00000, 0x00000000a4a00000, 0x00000000a4b00000|  0%| F|  |TAMS 0x00000000a4a00000, 0x00000000a4a00000| Untracked 
|  51|0x00000000a4b00000, 0x00000000a4b00000, 0x00000000a4c00000|  0%| F|  |TAMS 0x00000000a4b00000, 0x00000000a4b00000| Untracked 
|  52|0x00000000a4c00000, 0x00000000a4c00000, 0x00000000a4d00000|  0%| F|  |TAMS 0x00000000a4c00000, 0x00000000a4c00000| Untracked 
|  53|0x00000000a4d00000, 0x00000000a4d00000, 0x00000000a4e00000|  0%| F|  |TAMS 0x00000000a4d00000, 0x00000000a4d00000| Untracked 
|  54|0x00000000a4e00000, 0x00000000a4e00000, 0x00000000a4f00000|  0%| F|  |TAMS 0x00000000a4e00000, 0x00000000a4e00000| Untracked 
|  55|0x00000000a4f00000, 0x00000000a4f00000, 0x00000000a5000000|  0%| F|  |TAMS 0x00000000a4f00000, 0x00000000a4f00000| Untracked 
|  56|0x00000000a5000000, 0x00000000a5000000, 0x00000000a5100000|  0%| F|  |TAMS 0x00000000a5000000, 0x00000000a5000000| Untracked 
|  57|0x00000000a5100000, 0x00000000a5100000, 0x00000000a5200000|  0%| F|  |TAMS 0x00000000a5100000, 0x00000000a5100000| Untracked 
|  58|0x00000000a5200000, 0x00000000a5200000, 0x00000000a5300000|  0%| F|  |TAMS 0x00000000a5200000, 0x00000000a5200000| Untracked 
|  59|0x00000000a5300000, 0x00000000a5300000, 0x00000000a5400000|  0%| F|  |TAMS 0x00000000a5300000, 0x00000000a5300000| Untracked 
|  60|0x00000000a5400000, 0x00000000a5400000, 0x00000000a5500000|  0%| F|  |TAMS 0x00000000a5400000, 0x00000000a5400000| Untracked 
|  61|0x00000000a5500000, 0x00000000a5500000, 0x00000000a5600000|  0%| F|  |TAMS 0x00000000a5500000, 0x00000000a5500000| Untracked 
|  62|0x00000000a5600000, 0x00000000a5600000, 0x00000000a5700000|  0%| F|  |TAMS 0x00000000a5600000, 0x00000000a5600000| Untracked 
|  63|0x00000000a5700000, 0x00000000a5700000, 0x00000000a5800000|  0%| F|  |TAMS 0x00000000a5700000, 0x00000000a5700000| Untracked 
|  64|0x00000000a5800000, 0x00000000a5800000, 0x00000000a5900000|  0%| F|  |TAMS 0x00000000a5800000, 0x00000000a5800000| Untracked 
|  65|0x00000000a5900000, 0x00000000a5900000, 0x00000000a5a00000|  0%| F|  |TAMS 0x00000000a5900000, 0x00000000a5900000| Untracked 
|  66|0x00000000a5a00000, 0x00000000a5a00000, 0x00000000a5b00000|  0%| F|  |TAMS 0x00000000a5a00000, 0x00000000a5a00000| Untracked 
|  67|0x00000000a5b00000, 0x00000000a5b00000, 0x00000000a5c00000|  0%| F|  |TAMS 0x00000000a5b00000, 0x00000000a5b00000| Untracked 
|  68|0x00000000a5c00000, 0x00000000a5c00000, 0x00000000a5d00000|  0%| F|  |TAMS 0x00000000a5c00000, 0x00000000a5c00000| Untracked 
|  69|0x00000000a5d00000, 0x00000000a5d00000, 0x00000000a5e00000|  0%| F|  |TAMS 0x00000000a5d00000, 0x00000000a5d00000| Untracked 
|  70|0x00000000a5e00000, 0x00000000a5e00000, 0x00000000a5f00000|  0%| F|  |TAMS 0x00000000a5e00000, 0x00000000a5e00000| Untracked 
|  71|0x00000000a5f00000, 0x00000000a5f00000, 0x00000000a6000000|  0%| F|  |TAMS 0x00000000a5f00000, 0x00000000a5f00000| Untracked 
|  72|0x00000000a6000000, 0x00000000a6000000, 0x00000000a6100000|  0%| F|  |TAMS 0x00000000a6000000, 0x00000000a6000000| Untracked 
|  73|0x00000000a6100000, 0x00000000a6100000, 0x00000000a6200000|  0%| F|  |TAMS 0x00000000a6100000, 0x00000000a6100000| Untracked 
|  74|0x00000000a6200000, 0x00000000a6200000, 0x00000000a6300000|  0%| F|  |TAMS 0x00000000a6200000, 0x00000000a6200000| Untracked 
|  75|0x00000000a6300000, 0x00000000a6300000, 0x00000000a6400000|  0%| F|  |TAMS 0x00000000a6300000, 0x00000000a6300000| Untracked 
|  76|0x00000000a6400000, 0x00000000a6400000, 0x00000000a6500000|  0%| F|  |TAMS 0x00000000a6400000, 0x00000000a6400000| Untracked 
|  77|0x00000000a6500000, 0x00000000a6500000, 0x00000000a6600000|  0%| F|  |TAMS 0x00000000a6500000, 0x00000000a6500000| Untracked 
|  78|0x00000000a6600000, 0x00000000a6600000, 0x00000000a6700000|  0%| F|  |TAMS 0x00000000a6600000, 0x00000000a6600000| Untracked 
|  79|0x00000000a6700000, 0x00000000a6700000, 0x00000000a6800000|  0%| F|  |TAMS 0x00000000a6700000, 0x00000000a6700000| Untracked 
|  80|0x00000000a6800000, 0x00000000a6800000, 0x00000000a6900000|  0%| F|  |TAMS 0x00000000a6800000, 0x00000000a6800000| Untracked 
|  81|0x00000000a6900000, 0x00000000a6900000, 0x00000000a6a00000|  0%| F|  |TAMS 0x00000000a6900000, 0x00000000a6900000| Untracked 
|  82|0x00000000a6a00000, 0x00000000a6a00000, 0x00000000a6b00000|  0%| F|  |TAMS 0x00000000a6a00000, 0x00000000a6a00000| Untracked 
|  83|0x00000000a6b00000, 0x00000000a6b00000, 0x00000000a6c00000|  0%| F|  |TAMS 0x00000000a6b00000, 0x00000000a6b00000| Untracked 
|  84|0x00000000a6c00000, 0x00000000a6c00000, 0x00000000a6d00000|  0%| F|  |TAMS 0x00000000a6c00000, 0x00000000a6c00000| Untracked 
|  85|0x00000000a6d00000, 0x00000000a6d00000, 0x00000000a6e00000|  0%| F|  |TAMS 0x00000000a6d00000, 0x00000000a6d00000| Untracked 
|  86|0x00000000a6e00000, 0x00000000a6e00000, 0x00000000a6f00000|  0%| F|  |TAMS 0x00000000a6e00000, 0x00000000a6e00000| Untracked 
|  87|0x00000000a6f00000, 0x00000000a6f00000, 0x00000000a7000000|  0%| F|  |TAMS 0x00000000a6f00000, 0x00000000a6f00000| Untracked 
|  88|0x00000000a7000000, 0x00000000a7000000, 0x00000000a7100000|  0%| F|  |TAMS 0x00000000a7000000, 0x00000000a7000000| Untracked 
|  89|0x00000000a7100000, 0x00000000a7100000, 0x00000000a7200000|  0%| F|  |TAMS 0x00000000a7100000, 0x00000000a7100000| Untracked 
|  90|0x00000000a7200000, 0x00000000a7200000, 0x00000000a7300000|  0%| F|  |TAMS 0x00000000a7200000, 0x00000000a7200000| Untracked 
|  91|0x00000000a7300000, 0x00000000a7300000, 0x00000000a7400000|  0%| F|  |TAMS 0x00000000a7300000, 0x00000000a7300000| Untracked 
|  92|0x00000000a7400000, 0x00000000a7400000, 0x00000000a7500000|  0%| F|  |TAMS 0x00000000a7400000, 0x00000000a7400000| Untracked 
|  93|0x00000000a7500000, 0x00000000a7543108, 0x00000000a7600000| 26%| E|  |TAMS 0x00000000a7500000, 0x00000000a7500000| Complete 
|  94|0x00000000a7600000, 0x00000000a7700000, 0x00000000a7700000|100%| E|CS|TAMS 0x00000000a7600000, 0x00000000a7600000| Complete 
|  95|0x00000000a7700000, 0x00000000a7800000, 0x00000000a7800000|100%| E|CS|TAMS 0x00000000a7700000, 0x00000000a7700000| Complete 

Card table byte_map: [0x00000153f50d0000,0x00000153f53d0000] _byte_map_base: 0x00000153f4bc4000

Marking Bits (Prev, Next): (CMBitMap*) 0x00000153e26a7fe0, (CMBitMap*) 0x00000153e26a8020
 Prev Bits: [0x00000153f56d0000, 0x00000153f6e70000)
 Next Bits: [0x00000153f6e70000, 0x00000153f8610000)

Polling page: 0x00000153e05b0000

Metaspace:

Usage:
  Non-class:      6.31 MB used.
      Class:    624.55 KB used.
       Both:      6.92 MB used.

Virtual space:
  Non-class space:        8.00 MB reserved,       6.31 MB ( 79%) committed,  1 nodes.
      Class space:        1.00 GB reserved,     704.00 KB ( <1%) committed,  1 nodes.
             Both:        1.01 GB reserved,       7.00 MB ( <1%) committed. 

Chunk freelists:
   Non-Class:  1.00 MB
       Class:  3.23 MB
        Both:  4.23 MB

MaxMetaspaceSize: unlimited
CompressedClassSpaceSize: 1.00 GB
Initial GC threshold: 21.00 MB
Current GC threshold: 21.00 MB
CDS: off
MetaspaceReclaimPolicy: balanced
 - commit_granule_bytes: 65536.
 - commit_granule_words: 8192.
 - virtual_space_node_default_size: 1048576.
 - enlarge_chunks_in_place: 1.
 - new_chunks_are_fully_committed: 0.
 - uncommit_free_chunks: 1.
 - use_allocation_guard: 0.
 - handle_deallocations: 1.


Internal statistics:

num_allocs_failed_limit: 0.
num_arena_births: 6.
num_arena_deaths: 0.
num_vsnodes_births: 2.
num_vsnodes_deaths: 0.
num_space_committed: 112.
num_space_uncommitted: 0.
num_chunks_returned_to_freelist: 0.
num_chunks_taken_from_freelist: 27.
num_chunk_merges: 0.
num_chunk_splits: 12.
num_chunks_enlarged: 8.
num_purges: 0.
num_inconsistent_stats: 0.

CodeHeap 'non-profiled nmethods': size=120000Kb used=53Kb max_used=53Kb free=119946Kb
 bounds [0x00000153ed8a0000, 0x00000153edb10000, 0x00000153f4dd0000]
CodeHeap 'profiled nmethods': size=120000Kb used=300Kb max_used=300Kb free=119699Kb
 bounds [0x00000153e5dd0000, 0x00000153e6040000, 0x00000153ed300000]
CodeHeap 'non-nmethods': size=5760Kb used=1115Kb max_used=1129Kb free=4644Kb
 bounds [0x00000153ed300000, 0x00000153ed570000, 0x00000153ed8a0000]
 total_blobs=603 nmethods=209 adapters=307
 compilation: enabled
              stopped_count=0, restarted_count=0
 full_count=0

Compilation events (20 events):
Event: 0.576 Thread 0x00000153fb551520 nmethod 198 0x00000153e5e19210 code [0x00000153e5e193e0, 0x00000153e5e19698]
Event: 0.576 Thread 0x00000153fb551520  199       3       java.util.concurrent.ConcurrentHashMap$Node::<init> (14 bytes)
Event: 0.577 Thread 0x00000153fb551520 nmethod 199 0x00000153e5e19790 code [0x00000153e5e19940, 0x00000153e5e19c38]
Event: 0.577 Thread 0x00000153fb551520  200       3       java.security.Provider$ServiceKey::<init> (39 bytes)
Event: 0.577 Thread 0x00000153fb551520 nmethod 200 0x00000153e5e19d10 code [0x00000153e5e19f00, 0x00000153e5e1a428]
Event: 0.577 Thread 0x00000153fb551520  201       1       java.security.Provider$UString::toString (5 bytes)
Event: 0.578 Thread 0x00000153fb551520 nmethod 201 0x00000153ed8aab90 code [0x00000153ed8aad20, 0x00000153ed8aadf8]
Event: 0.578 Thread 0x00000153fb551520  203       1       java.security.Provider$Service::getProvider (5 bytes)
Event: 0.578 Thread 0x00000153fb551520 nmethod 203 0x00000153ed8ab290 code [0x00000153ed8ab420, 0x00000153ed8ab4f8]
Event: 0.578 Thread 0x00000153fb551520  204       1       java.util.Collections$EmptyIterator::hasNext (2 bytes)
Event: 0.578 Thread 0x00000153fb551520 nmethod 204 0x00000153ed8ab590 code [0x00000153ed8ab720, 0x00000153ed8ab7f8]
Event: 0.579 Thread 0x00000153fb551520  205       1       java.security.Provider$Service::getClassName (5 bytes)
Event: 0.579 Thread 0x00000153fb551520 nmethod 205 0x00000153ed8ab890 code [0x00000153ed8aba20, 0x00000153ed8abaf8]
Event: 0.580 Thread 0x00000153fb551520  207       1       java.lang.invoke.MethodType::returnType (5 bytes)
Event: 0.580 Thread 0x00000153fb551520 nmethod 207 0x00000153ed8abe90 code [0x00000153ed8ac020, 0x00000153ed8ac0f8]
Event: 0.581 Thread 0x00000153fab36e50 nmethod 189 0x00000153ed8ac190 code [0x00000153ed8ac320, 0x00000153ed8ac638]
Event: 0.581 Thread 0x00000153fab36e50  197       4       java.lang.Integer::parseInt (264 bytes)
Event: 0.590 Thread 0x00000153fab36e50 nmethod 197 0x00000153ed8ac810 code [0x00000153ed8ac9c0, 0x00000153ed8acd98]
Event: 0.595 Thread 0x00000153fb551520  209       3       java.lang.invoke.MethodTypeForm::canonicalize (74 bytes)
Event: 0.596 Thread 0x00000153fb551520 nmethod 209 0x00000153e5e1a610 code [0x00000153e5e1a840, 0x00000153e5e1af38]

GC Heap History (0 events):
No events

Dll operation events (1 events):
Event: 0.014 Loaded shared library C:\Users\Scott\AppData\Local\JetBrains\Toolbox\apps\IDEA-U\ch-0\231.9011.34\jbr\bin\java.dll

Deoptimization events (0 events):
No events

Classes unloaded (0 events):
No events

Classes redefined (0 events):
No events

Internal exceptions (0 events):
No events

VM Operations (4 events):
Event: 0.289 Executing VM operation: HandshakeAllThreads
Event: 0.289 Executing VM operation: HandshakeAllThreads done
Event: 0.385 Executing VM operation: HandshakeAllThreads
Event: 0.385 Executing VM operation: HandshakeAllThreads done

Events (20 events):
Event: 0.592 loading class java/lang/invoke/InnerClassLambdaMetafactory$1
Event: 0.592 loading class java/lang/invoke/InnerClassLambdaMetafactory$1 done
Event: 0.593 loading class java/lang/invoke/BoundMethodHandle
Event: 0.593 loading class java/lang/invoke/BoundMethodHandle done
Event: 0.593 loading class java/lang/invoke/BoundMethodHandle$Specializer
Event: 0.593 loading class java/lang/invoke/ClassSpecializer
Event: 0.594 loading class java/lang/invoke/ClassSpecializer done
Event: 0.594 loading class java/lang/invoke/BoundMethodHandle$Specializer done
Event: 0.594 loading class java/lang/invoke/ClassSpecializer$1
Event: 0.594 loading class java/lang/invoke/ClassSpecializer$1 done
Event: 0.594 loading class java/lang/invoke/BoundMethodHandle$SpeciesData
Event: 0.594 loading class java/lang/invoke/ClassSpecializer$SpeciesData
Event: 0.594 loading class java/lang/invoke/ClassSpecializer$SpeciesData done
Event: 0.594 loading class java/lang/invoke/BoundMethodHandle$SpeciesData done
Event: 0.595 loading class java/lang/invoke/BoundMethodHandle$Specializer$Factory
Event: 0.595 loading class java/lang/invoke/ClassSpecializer$Factory
Event: 0.595 loading class java/lang/invoke/ClassSpecializer$Factory done
Event: 0.595 loading class java/lang/invoke/BoundMethodHandle$Specializer$Factory done
Event: 0.596 loading class java/lang/invoke/SimpleMethodHandle
Event: 0.596 loading class java/lang/invoke/SimpleMethodHandle done


Dynamic libraries:
0x00007ff635c70000 - 0x00007ff635c7a000 	C:\Users\Scott\AppData\Local\JetBrains\Toolbox\apps\IDEA-U\ch-0\231.9011.34\jbr\bin\java.exe
0x00007ffe41010000 - 0x00007ffe41208000 	C:\WINDOWS\SYSTEM32\ntdll.dll
0x00007ffe3ffe0000 - 0x00007ffe4009f000 	C:\WINDOWS\System32\KERNEL32.DLL
0x00007ffe3ed70000 - 0x00007ffe3f066000 	C:\WINDOWS\System32\KERNELBASE.dll
0x00007ffe3eb10000 - 0x00007ffe3ec10000 	C:\WINDOWS\System32\ucrtbase.dll
0x00007ffdf18e0000 - 0x00007ffdf18f7000 	C:\Users\Scott\AppData\Local\JetBrains\Toolbox\apps\IDEA-U\ch-0\231.9011.34\jbr\bin\jli.dll
0x00007ffe3a450000 - 0x00007ffe3a46b000 	C:\Users\Scott\AppData\Local\JetBrains\Toolbox\apps\IDEA-U\ch-0\231.9011.34\jbr\bin\VCRUNTIME140.dll
0x00007ffe40e30000 - 0x00007ffe40fcd000 	C:\WINDOWS\System32\USER32.dll
0x00007ffe3e970000 - 0x00007ffe3e992000 	C:\WINDOWS\System32\win32u.dll
0x00007ffe309c0000 - 0x00007ffe30c5a000 	C:\WINDOWS\WinSxS\amd64_microsoft.windows.common-controls_6595b64144ccf1df_6.0.19041.1110_none_60b5254171f9507e\COMCTL32.dll
0x00007ffe3f310000 - 0x00007ffe3f3ae000 	C:\WINDOWS\System32\msvcrt.dll
0x00007ffe3f070000 - 0x00007ffe3f09c000 	C:\WINDOWS\System32\GDI32.dll
0x00007ffe3e9a0000 - 0x00007ffe3eab5000 	C:\WINDOWS\System32\gdi32full.dll
0x00007ffe3e6f0000 - 0x00007ffe3e78d000 	C:\WINDOWS\System32\msvcp_win.dll
0x00007ffe3f0a0000 - 0x00007ffe3f0d0000 	C:\WINDOWS\System32\IMM32.DLL
0x00007ffe39540000 - 0x00007ffe3954c000 	C:\Users\Scott\AppData\Local\JetBrains\Toolbox\apps\IDEA-U\ch-0\231.9011.34\jbr\bin\vcruntime140_1.dll
0x00007ffe2c6f0000 - 0x00007ffe2c77d000 	C:\Users\Scott\AppData\Local\JetBrains\Toolbox\apps\IDEA-U\ch-0\231.9011.34\jbr\bin\msvcp140.dll
0x00007ffe05020000 - 0x00007ffe05c8e000 	C:\Users\Scott\AppData\Local\JetBrains\Toolbox\apps\IDEA-U\ch-0\231.9011.34\jbr\bin\server\jvm.dll
0x00007ffe3fe20000 - 0x00007ffe3fecf000 	C:\WINDOWS\System32\ADVAPI32.dll
0x00007ffe40400000 - 0x00007ffe4049c000 	C:\WINDOWS\System32\sechost.dll
0x00007ffe40d00000 - 0x00007ffe40e26000 	C:\WINDOWS\System32\RPCRT4.dll
0x00007ffe065b0000 - 0x00007ffe065b9000 	C:\WINDOWS\SYSTEM32\WSOCK32.dll
0x00007ffe40910000 - 0x00007ffe4097b000 	C:\WINDOWS\System32\WS2_32.dll
0x00007ffe317c0000 - 0x00007ffe317e7000 	C:\WINDOWS\SYSTEM32\WINMM.dll
0x00007ffe33020000 - 0x00007ffe3302a000 	C:\WINDOWS\SYSTEM32\VERSION.dll
0x00007ffe3c5a0000 - 0x00007ffe3c5b2000 	C:\WINDOWS\SYSTEM32\kernel.appcore.dll
0x00007ffe05010000 - 0x00007ffe0501a000 	C:\Users\Scott\AppData\Local\JetBrains\Toolbox\apps\IDEA-U\ch-0\231.9011.34\jbr\bin\jimage.dll
0x00007ffe313a0000 - 0x00007ffe31584000 	C:\WINDOWS\SYSTEM32\DBGHELP.DLL
0x00007ffe31360000 - 0x00007ffe31394000 	C:\WINDOWS\SYSTEM32\dbgcore.DLL
0x00007ffe3e790000 - 0x00007ffe3e812000 	C:\WINDOWS\System32\bcryptPrimitives.dll
0x00007ffe04fe0000 - 0x00007ffe05005000 	C:\Users\Scott\AppData\Local\JetBrains\Toolbox\apps\IDEA-U\ch-0\231.9011.34\jbr\bin\java.dll
0x00007ffe04c80000 - 0x00007ffe04c98000 	C:\Users\Scott\AppData\Local\JetBrains\Toolbox\apps\IDEA-U\ch-0\231.9011.34\jbr\bin\zip.dll
0x00007ffe3f520000 - 0x00007ffe3fc64000 	C:\WINDOWS\System32\SHELL32.dll
0x00007ffe3c7a0000 - 0x00007ffe3cf33000 	C:\WINDOWS\SYSTEM32\windows.storage.dll
0x00007ffe400a0000 - 0x00007ffe403f4000 	C:\WINDOWS\System32\combase.dll
0x00007ffe3e140000 - 0x00007ffe3e16e000 	C:\WINDOWS\SYSTEM32\Wldp.dll
0x00007ffe3f260000 - 0x00007ffe3f30d000 	C:\WINDOWS\System32\SHCORE.dll
0x00007ffe40b30000 - 0x00007ffe40b85000 	C:\WINDOWS\System32\shlwapi.dll
0x00007ffe3e630000 - 0x00007ffe3e64f000 	C:\WINDOWS\SYSTEM32\profapi.dll
0x00007ffdf5eb0000 - 0x00007ffdf5ec9000 	C:\Users\Scott\AppData\Local\JetBrains\Toolbox\apps\IDEA-U\ch-0\231.9011.34\jbr\bin\net.dll
0x00007ffe36950000 - 0x00007ffe36a5a000 	C:\WINDOWS\SYSTEM32\WINHTTP.dll
0x00007ffe3dea0000 - 0x00007ffe3df0a000 	C:\WINDOWS\system32\mswsock.dll
0x00007ffdf5e90000 - 0x00007ffdf5ea6000 	C:\Users\Scott\AppData\Local\JetBrains\Toolbox\apps\IDEA-U\ch-0\231.9011.34\jbr\bin\nio.dll
0x00007ffe307f0000 - 0x00007ffe307fe000 	C:\Users\Scott\AppData\Local\JetBrains\Toolbox\apps\IDEA-U\ch-0\231.9011.34\jbr\bin\sunmscapi.dll
0x00007ffe3ec10000 - 0x00007ffe3ed6e000 	C:\WINDOWS\System32\CRYPT32.dll
0x00007ffe3e1b0000 - 0x00007ffe3e1d8000 	C:\WINDOWS\SYSTEM32\ncrypt.dll
0x00007ffe3e170000 - 0x00007ffe3e1ab000 	C:\WINDOWS\SYSTEM32\NTASN1.dll

dbghelp: loaded successfully - version: 4.0.5 - missing functions: none
symbol engine: initialized successfully - sym options: 0x614 - pdb path: .;C:\Users\Scott\AppData\Local\JetBrains\Toolbox\apps\IDEA-U\ch-0\231.9011.34\jbr\bin;C:\WINDOWS\SYSTEM32;C:\WINDOWS\WinSxS\amd64_microsoft.windows.common-controls_6595b64144ccf1df_6.0.19041.1110_none_60b5254171f9507e;C:\Users\Scott\AppData\Local\JetBrains\Toolbox\apps\IDEA-U\ch-0\231.9011.34\jbr\bin\server

VM Arguments:
java_command: git4idea.http.GitAskPassApp Username for 'https://github.com': 
java_class_path (initial): C:/Users/Scott/AppData/Local/JetBrains/Toolbox/apps/IDEA-U/ch-0/231.9011.34/plugins/vcs-git/lib/git4idea-rt.jar;C:/Users/Scott/AppData/Local/JetBrains/Toolbox/apps/IDEA-U/ch-0/231.9011.34/lib/externalProcess-rt.jar
Launcher Type: SUN_STANDARD

[Global flags]
     intx CICompilerCount                          = 3                                         {product} {ergonomic}
     uint ConcGCThreads                            = 1                                         {product} {ergonomic}
     uint G1ConcRefinementThreads                  = 4                                         {product} {ergonomic}
   size_t G1HeapRegionSize                         = 1048576                                   {product} {ergonomic}
    uintx GCDrainStackTargetSize                   = 64                                        {product} {ergonomic}
   size_t InitialHeapSize                          = 100663296                                 {product} {ergonomic}
   size_t MarkStackSize                            = 4194304                                   {product} {ergonomic}
   size_t MaxHeapSize                              = 1585446912                                {product} {ergonomic}
   size_t MaxNewSize                               = 951058432                                 {product} {ergonomic}
   size_t MinHeapDeltaBytes                        = 1048576                                   {product} {ergonomic}
   size_t MinHeapSize                              = 8388608                                   {product} {ergonomic}
    uintx NonNMethodCodeHeapSize                   = 5832780                                {pd product} {ergonomic}
    uintx NonProfiledCodeHeapSize                  = 122912730                              {pd product} {ergonomic}
    uintx ProfiledCodeHeapSize                     = 122912730                              {pd product} {ergonomic}
    uintx ReservedCodeCacheSize                    = 251658240                              {pd product} {ergonomic}
     bool SegmentedCodeCache                       = true                                      {product} {ergonomic}
   size_t SoftMaxHeapSize                          = 1585446912                             {manageable} {ergonomic}
     bool UseCompressedClassPointers               = true                           {product lp64_product} {ergonomic}
     bool UseCompressedOops                        = true                           {product lp64_product} {ergonomic}
     bool UseG1GC                                  = true                                      {product} {ergonomic}
     bool UseLargePagesIndividualAllocation        = false                                  {pd product} {ergonomic}

Logging:
Log output configuration:
 #0: stdout all=warning uptime,level,tags
 #1: stderr all=off uptime,level,tags

Environment Variables:
PATH=C:\Program Files\Git\mingw64\libexec\git-core;C:\Program Files\Git\mingw64\libexec\git-core;C:\Program Files\Git\mingw64\bin;C:\Program Files\Git\usr\bin;C:\Users\Scott\bin;C:\Python311\Scripts;C:\Python311;C:\Program Files\Common Files\Oracle\Java\javapath;C:\WINDOWS\system32;C:\WINDOWS;C:\WINDOWS\System32\Wbem;C:\WINDOWS\System32\WindowsPowerShell\v1.0;C:\WINDOWS\System32\OpenSSH;C:\Program Files\Git\cmd;C:\xampp\php;C:\ProgramData\ComposerSetup\bin;C:\Program Files\nodejs;C:\ProgramData\chocolatey\bin;C:\Program Files (x86)\GnuWin32\bin;C:\msys64\mingw64\bin;C:\Program Files\Go\bin;C:\Users\Scott\AppData\Local\Microsoft\WindowsApps;C:\Users\Scott\AppData\Local\Programs\Microsoft VS Code\bin;C:\Users\Scott\AppData\Local\JetBrains\Toolbox\scripts;C:\xampp\php;C:\Users\Scott\AppData\Roaming\Composer\vendor\bin;C:\Users\Scott\AppData\Local\Microsoft\WindowsApps;C:\Users\Scott\AppData\Roaming\npm;C:\Program Files\nodejs;C:\Program Files (x86)\GnuWin32\bin;C:\msys64\mingw64\bin;C:\Users\Scott\AppData\Local\Programs\Hyper\resources\bin;C:\Users\Scott\go\bin
USERNAME=Scott
DISPLAY=:0.0
LC_ALL=en_US.UTF-8
TERM=xterm-256color
TMPDIR=C:\Users\Scott\AppData\Local\Temp
OS=Windows_NT
PROCESSOR_IDENTIFIER=Intel64 Family 6 Model 69 Stepping 1, GenuineIntel
TMP=C:\Users\Scott\AppData\Local\Temp
TEMP=C:\Users\Scott\AppData\Local\Temp


JNI global refs:
JNI global refs: 7, weak refs: 0

JNI global refs memory usage: 843, weak refs: 209


---------------  S Y S T E M  ---------------

OS:
 Windows 10 , 64 bit Build 19041 (10.0.19041.3031)
OS uptime: 0 days 1:21 hours

CPU: total 4 (initial active 4) (2 cores per cpu, 2 threads per core) family 6 model 69 stepping 1 microcode 0x25, cx8, cmov, fxsr, ht, mmx, sse, sse2, sse3, ssse3, sse4.1, sse4.2, popcnt, lzcnt, tsc, tscinvbit, avx, avx2, aes, erms, clmul, bmi1, bmi2, fma, vzeroupper, clflush

Memory: 4k page, system-wide physical 6041M (378M free)
TotalPageFile size 12660M (AvailPageFile size 0M)
current process WorkingSet (physical memory assigned to process): 36M, peak: 36M
current process commit charge ("private bytes"): 165M, peak: 165M

vm_info: OpenJDK 64-Bit Server VM (17.0.6+10-b829.9) for windows-amd64 JRE (17.0.6+10-b829.9), built on 2023-04-09 by "builduser" with MS VC++ 16.10 / 16.11 (VS2019)

END.
